2018-01-16 21:33:26,812 ERROR [main] - Statistics - Statistics file `/Users/ickim/.scalaide/statistics` is corrupted. A new one is being created. Corrupted content was:

com.cedarsoftware.util.io.JsonIoException: error parsing JSON value
	at com.cedarsoftware.util.io.JsonReader.readObject(JsonReader.java:529)
	at com.cedarsoftware.util.io.JsonReader.jsonToJava(JsonReader.java:289)
	at com.cedarsoftware.util.io.JsonReader.jsonToJava(JsonReader.java:262)
	at org.scalaide.core.internal.statistics.Statistics.read(Statistics.scala:74)
	at org.scalaide.core.internal.statistics.Statistics.$anonfun$readStats$1(Statistics.scala:52)
	at org.scalaide.core.internal.statistics.Statistics.$anonfun$readStats$1$adapted(Statistics.scala:51)
	at org.scalaide.core.ScalaIdeDataStore$.$anonfun$validate$2(ScalaIdeDataStore.scala:59)
	at org.scalaide.util.eclipse.EclipseUtils$$anon$3.run(EclipseUtils.scala:230)
	at org.eclipse.core.runtime.SafeRunner.run(SafeRunner.java:42)
	at org.scalaide.util.eclipse.EclipseUtils$.withSafeRunner(EclipseUtils.scala:226)
	at org.scalaide.core.ScalaIdeDataStore$.validate(ScalaIdeDataStore.scala:59)
	at org.scalaide.core.internal.statistics.Statistics.readStats(Statistics.scala:51)
	at org.scalaide.core.internal.statistics.Statistics.<init>(Statistics.scala:30)
	at org.scalaide.core.internal.ScalaPlugin.stats$lzycompute(ScalaPlugin.scala:135)
	at org.scalaide.core.internal.ScalaPlugin.stats(ScalaPlugin.scala:135)
	at org.scalaide.core.internal.ScalaPlugin.statistics(ScalaPlugin.scala:138)
	at org.scalaide.core.internal.ScalaPlugin.start(ScalaPlugin.scala:109)
	at org.eclipse.osgi.internal.framework.BundleContextImpl$3.run(BundleContextImpl.java:779)
	at org.eclipse.osgi.internal.framework.BundleContextImpl$3.run(BundleContextImpl.java:1)
	at java.security.AccessController.doPrivileged(Native Method)
	at org.eclipse.osgi.internal.framework.BundleContextImpl.startActivator(BundleContextImpl.java:772)
	at org.eclipse.osgi.internal.framework.BundleContextImpl.start(BundleContextImpl.java:729)
	at org.eclipse.osgi.internal.framework.EquinoxBundle.startWorker0(EquinoxBundle.java:933)
	at org.eclipse.osgi.internal.framework.EquinoxBundle$EquinoxModule.startWorker(EquinoxBundle.java:309)
	at org.eclipse.osgi.container.Module.doStart(Module.java:581)
	at org.eclipse.osgi.container.Module.start(Module.java:449)
	at org.eclipse.osgi.framework.util.SecureAction.start(SecureAction.java:468)
	at org.eclipse.osgi.internal.hooks.EclipseLazyStarter.postFindLocalClass(EclipseLazyStarter.java:103)
	at org.eclipse.osgi.internal.loader.classpath.ClasspathManager.findLocalClass(ClasspathManager.java:529)
	at org.eclipse.osgi.internal.loader.ModuleClassLoader.findLocalClass(ModuleClassLoader.java:328)
	at org.eclipse.osgi.internal.loader.BundleLoader.findLocalClass(BundleLoader.java:368)
	at org.eclipse.osgi.internal.loader.BundleLoader.findClassInternal(BundleLoader.java:446)
	at org.eclipse.osgi.internal.loader.BundleLoader.findClass(BundleLoader.java:395)
	at org.eclipse.osgi.internal.loader.BundleLoader.findClass(BundleLoader.java:387)
	at org.eclipse.osgi.internal.loader.ModuleClassLoader.loadClass(ModuleClassLoader.java:150)
	at java.lang.ClassLoader.loadClass(ClassLoader.java:357)
	at org.eclipse.osgi.internal.framework.EquinoxBundle.loadClass(EquinoxBundle.java:564)
	at org.eclipse.core.internal.registry.osgi.RegistryStrategyOSGI.createExecutableExtension(RegistryStrategyOSGI.java:174)
	at org.eclipse.core.internal.registry.ExtensionRegistry.createExecutableExtension(ExtensionRegistry.java:905)
	at org.eclipse.core.internal.registry.ConfigurationElement.createExecutableExtension(ConfigurationElement.java:243)
	at org.eclipse.core.internal.registry.ConfigurationElementHandle.createExecutableExtension(ConfigurationElementHandle.java:55)
	at org.eclipse.ui.internal.registry.PerspectiveDescriptor.createFactory(PerspectiveDescriptor.java:75)
	at org.eclipse.ui.internal.WorkbenchPage.createPerspective(WorkbenchPage.java:4172)
	at org.eclipse.ui.internal.WorkbenchPage.setPerspective(WorkbenchPage.java:4081)
	at org.eclipse.ui.internal.WorkbenchWindow.setup(WorkbenchWindow.java:744)
	at sun.reflect.NativeMethodAccessorImpl.invoke0(Native Method)
	at sun.reflect.NativeMethodAccessorImpl.invoke(NativeMethodAccessorImpl.java:62)
	at sun.reflect.DelegatingMethodAccessorImpl.invoke(DelegatingMethodAccessorImpl.java:43)
	at java.lang.reflect.Method.invoke(Method.java:498)
	at org.eclipse.e4.core.internal.di.MethodRequestor.execute(MethodRequestor.java:55)
	at org.eclipse.e4.core.internal.di.InjectorImpl.processAnnotated(InjectorImpl.java:990)
	at org.eclipse.e4.core.internal.di.InjectorImpl.inject(InjectorImpl.java:124)
	at org.eclipse.e4.core.internal.di.InjectorImpl.inject(InjectorImpl.java:91)
	at org.eclipse.e4.core.contexts.ContextInjectionFactory.inject(ContextInjectionFactory.java:73)
	at org.eclipse.ui.internal.Workbench.createWorkbenchWindow(Workbench.java:1494)
	at org.eclipse.ui.internal.Workbench.getActiveWorkbenchWindow(Workbench.java:1468)
	at org.eclipse.ui.internal.services.WorkbenchSourceProvider.updateActiveShell(WorkbenchSourceProvider.java:907)
	at org.eclipse.ui.internal.services.WorkbenchSourceProvider.getCurrentState(WorkbenchSourceProvider.java:115)
	at org.eclipse.ui.internal.services.WorkbenchSourceProvider.lambda$2(WorkbenchSourceProvider.java:668)
	at org.eclipse.swt.widgets.EventTable.sendEvent(EventTable.java:86)
	at org.eclipse.swt.widgets.Display.filterEvent(Display.java:1097)
	at org.eclipse.swt.widgets.Display.sendEvent(Display.java:4252)
	at org.eclipse.swt.widgets.Widget.sendEvent(Widget.java:1502)
	at org.eclipse.swt.widgets.Widget.sendEvent(Widget.java:1525)
	at org.eclipse.swt.widgets.Widget.sendEvent(Widget.java:1506)
	at org.eclipse.swt.widgets.Shell.windowDidBecomeKey(Shell.java:2238)
	at org.eclipse.swt.widgets.Display.windowProc(Display.java:5845)
	at org.eclipse.swt.internal.cocoa.OS.objc_msgSendSuper(Native Method)
	at org.eclipse.swt.widgets.Widget.callSuper(Widget.java:221)
	at org.eclipse.swt.widgets.Widget.becomeKeyWindow(Widget.java:382)
	at org.eclipse.swt.widgets.Shell.becomeKeyWindow(Shell.java:530)
	at org.eclipse.swt.widgets.Display.windowProc(Display.java:5661)
	at org.eclipse.swt.internal.cocoa.OS.objc_msgSend(Native Method)
	at org.eclipse.swt.internal.cocoa.NSWindow.makeKeyAndOrderFront(NSWindow.java:202)
	at org.eclipse.swt.widgets.Shell.makeKeyAndOrderFront(Shell.java:1321)
	at org.eclipse.swt.widgets.Shell.setWindowVisible(Shell.java:2028)
	at org.eclipse.swt.widgets.Shell.open(Shell.java:1381)
	at org.eclipse.e4.ui.workbench.renderers.swt.WBWRenderer.postProcess(WBWRenderer.java:784)
	at org.eclipse.e4.ui.internal.workbench.swt.PartRenderingEngine.safeCreateGui(PartRenderingEngine.java:679)
	at org.eclipse.e4.ui.internal.workbench.swt.PartRenderingEngine.safeCreateGui(PartRenderingEngine.java:767)
	at org.eclipse.e4.ui.internal.workbench.swt.PartRenderingEngine.access$0(PartRenderingEngine.java:738)
	at org.eclipse.e4.ui.internal.workbench.swt.PartRenderingEngine$2.run(PartRenderingEngine.java:732)
	at org.eclipse.core.runtime.SafeRunner.run(SafeRunner.java:42)
	at org.eclipse.e4.ui.internal.workbench.swt.PartRenderingEngine.createGui(PartRenderingEngine.java:716)
	at org.eclipse.e4.ui.internal.workbench.swt.PartRenderingEngine$5.run(PartRenderingEngine.java:1076)
	at org.eclipse.core.databinding.observable.Realm.runWithDefault(Realm.java:336)
	at org.eclipse.e4.ui.internal.workbench.swt.PartRenderingEngine.run(PartRenderingEngine.java:1039)
	at org.eclipse.e4.ui.internal.workbench.E4Workbench.createAndRunUI(E4Workbench.java:153)
	at org.eclipse.ui.internal.Workbench.lambda$3(Workbench.java:680)
	at org.eclipse.core.databinding.observable.Realm.runWithDefault(Realm.java:336)
	at org.eclipse.ui.internal.Workbench.createAndRunWorkbench(Workbench.java:594)
	at org.eclipse.ui.PlatformUI.createAndRunWorkbench(PlatformUI.java:148)
	at org.eclipse.ui.internal.ide.application.IDEApplication.start(IDEApplication.java:151)
	at org.eclipse.equinox.internal.app.EclipseAppHandle.run(EclipseAppHandle.java:196)
	at org.eclipse.core.runtime.internal.adaptor.EclipseAppLauncher.runApplication(EclipseAppLauncher.java:134)
	at org.eclipse.core.runtime.internal.adaptor.EclipseAppLauncher.start(EclipseAppLauncher.java:104)
	at org.eclipse.core.runtime.adaptor.EclipseStarter.run(EclipseStarter.java:388)
	at org.eclipse.core.runtime.adaptor.EclipseStarter.run(EclipseStarter.java:243)
	at sun.reflect.NativeMethodAccessorImpl.invoke0(Native Method)
	at sun.reflect.NativeMethodAccessorImpl.invoke(NativeMethodAccessorImpl.java:62)
	at sun.reflect.DelegatingMethodAccessorImpl.invoke(DelegatingMethodAccessorImpl.java:43)
	at java.lang.reflect.Method.invoke(Method.java:498)
	at org.eclipse.equinox.launcher.Main.invokeFramework(Main.java:653)
	at org.eclipse.equinox.launcher.Main.basicRun(Main.java:590)
	at org.eclipse.equinox.launcher.Main.run(Main.java:1499)
Caused by: com.cedarsoftware.util.io.JsonIoException: EOF reached prematurely
	at com.cedarsoftware.util.io.JsonParser.error(JsonParser.java:584)
	at com.cedarsoftware.util.io.JsonParser.readValue(JsonParser.java:278)
	at com.cedarsoftware.util.io.JsonReader.readObject(JsonReader.java:521)
	... 104 more
2018-01-16 21:34:54,747  WARN [ModalContext] - ScalaProject - Project Scala_test has platform default sourceLevel.
2018-01-16 21:34:54,749  WARN [ModalContext] - ScalaProject - Project Scala_test runs on platform default installation.
2018-01-16 21:34:55,139  WARN [Worker-2] - ScalaProject - Project Scala_test has platform default sourceLevel.
2018-01-16 21:34:55,139  WARN [Worker-2] - ScalaProject - Project Scala_test runs on platform default installation.
2018-01-16 21:35:05,555  WARN [main] - ScalaProject - Project Scala_test has platform default sourceLevel.
2018-01-16 21:35:05,556  WARN [main] - ScalaProject - Project Scala_test runs on platform default installation.
2018-01-16 21:35:12,946  WARN [main] - ScalaProject - Project Scala_test has platform default sourceLevel.
2018-01-16 21:35:12,946  WARN [main] - ScalaProject - Project Scala_test runs on platform default installation.
2018-01-16 21:35:13,820  WARN [Worker-5] - ScalaProject - Project Scala_test has platform default sourceLevel.
2018-01-16 21:35:13,821  WARN [Worker-5] - ScalaProject - Project Scala_test runs on platform default installation.
2018-01-16 21:36:26,975  WARN [Worker-7] - ScalaProject - Project Scala_test has platform default sourceLevel.
2018-01-16 21:36:26,976  WARN [Worker-7] - ScalaProject - Project Scala_test runs on platform default installation.
2018-01-16 21:37:30,688 ERROR [main] - System.err - swt-tree-arrow-mode and swt-tree-arrow-color are not supported on this platform
2018-01-23 00:55:07,843 ERROR [main] - Statistics - Statistics file `/Users/ickim/.scalaide/statistics` is corrupted. A new one is being created. Corrupted content was:

com.cedarsoftware.util.io.JsonIoException: error parsing JSON value
	at com.cedarsoftware.util.io.JsonReader.readObject(JsonReader.java:529)
	at com.cedarsoftware.util.io.JsonReader.jsonToJava(JsonReader.java:289)
	at com.cedarsoftware.util.io.JsonReader.jsonToJava(JsonReader.java:262)
	at org.scalaide.core.internal.statistics.Statistics.read(Statistics.scala:74)
	at org.scalaide.core.internal.statistics.Statistics.$anonfun$readStats$1(Statistics.scala:52)
	at org.scalaide.core.internal.statistics.Statistics.$anonfun$readStats$1$adapted(Statistics.scala:51)
	at org.scalaide.core.ScalaIdeDataStore$.$anonfun$validate$2(ScalaIdeDataStore.scala:59)
	at org.scalaide.util.eclipse.EclipseUtils$$anon$3.run(EclipseUtils.scala:230)
	at org.eclipse.core.runtime.SafeRunner.run(SafeRunner.java:42)
	at org.scalaide.util.eclipse.EclipseUtils$.withSafeRunner(EclipseUtils.scala:226)
	at org.scalaide.core.ScalaIdeDataStore$.validate(ScalaIdeDataStore.scala:59)
	at org.scalaide.core.internal.statistics.Statistics.readStats(Statistics.scala:51)
	at org.scalaide.core.internal.statistics.Statistics.<init>(Statistics.scala:30)
	at org.scalaide.core.internal.ScalaPlugin.stats$lzycompute(ScalaPlugin.scala:135)
	at org.scalaide.core.internal.ScalaPlugin.stats(ScalaPlugin.scala:135)
	at org.scalaide.core.internal.ScalaPlugin.statistics(ScalaPlugin.scala:138)
	at org.scalaide.core.internal.ScalaPlugin.start(ScalaPlugin.scala:109)
	at org.eclipse.osgi.internal.framework.BundleContextImpl$3.run(BundleContextImpl.java:779)
	at org.eclipse.osgi.internal.framework.BundleContextImpl$3.run(BundleContextImpl.java:1)
	at java.security.AccessController.doPrivileged(Native Method)
	at org.eclipse.osgi.internal.framework.BundleContextImpl.startActivator(BundleContextImpl.java:772)
	at org.eclipse.osgi.internal.framework.BundleContextImpl.start(BundleContextImpl.java:729)
	at org.eclipse.osgi.internal.framework.EquinoxBundle.startWorker0(EquinoxBundle.java:933)
	at org.eclipse.osgi.internal.framework.EquinoxBundle$EquinoxModule.startWorker(EquinoxBundle.java:309)
	at org.eclipse.osgi.container.Module.doStart(Module.java:581)
	at org.eclipse.osgi.container.Module.start(Module.java:449)
	at org.eclipse.osgi.framework.util.SecureAction.start(SecureAction.java:468)
	at org.eclipse.osgi.internal.hooks.EclipseLazyStarter.postFindLocalClass(EclipseLazyStarter.java:103)
	at org.eclipse.osgi.internal.loader.classpath.ClasspathManager.findLocalClass(ClasspathManager.java:529)
	at org.eclipse.osgi.internal.loader.ModuleClassLoader.findLocalClass(ModuleClassLoader.java:328)
	at org.eclipse.osgi.internal.loader.BundleLoader.findLocalClass(BundleLoader.java:368)
	at org.eclipse.osgi.internal.loader.BundleLoader.findClassInternal(BundleLoader.java:446)
	at org.eclipse.osgi.internal.loader.BundleLoader.findClass(BundleLoader.java:395)
	at org.eclipse.osgi.internal.loader.BundleLoader.findClass(BundleLoader.java:387)
	at org.eclipse.osgi.internal.loader.ModuleClassLoader.loadClass(ModuleClassLoader.java:150)
	at java.lang.ClassLoader.loadClass(ClassLoader.java:357)
	at org.eclipse.osgi.internal.framework.EquinoxBundle.loadClass(EquinoxBundle.java:564)
	at org.eclipse.core.internal.registry.osgi.RegistryStrategyOSGI.createExecutableExtension(RegistryStrategyOSGI.java:174)
	at org.eclipse.core.internal.registry.ExtensionRegistry.createExecutableExtension(ExtensionRegistry.java:905)
	at org.eclipse.core.internal.registry.ConfigurationElement.createExecutableExtension(ConfigurationElement.java:243)
	at org.eclipse.core.internal.registry.ConfigurationElementHandle.createExecutableExtension(ConfigurationElementHandle.java:55)
	at org.eclipse.jdt.internal.ui.filters.FilterDescriptor$1.run(FilterDescriptor.java:135)
	at org.eclipse.core.runtime.SafeRunner.run(SafeRunner.java:42)
	at org.eclipse.jdt.internal.ui.filters.FilterDescriptor.createViewerFilter(FilterDescriptor.java:139)
	at org.eclipse.jdt.ui.actions.CustomFiltersActionGroup$FilterItem.getFilterInstance(CustomFiltersActionGroup.java:187)
	at org.eclipse.jdt.ui.actions.CustomFiltersActionGroup.updateViewerFilters(CustomFiltersActionGroup.java:517)
	at org.eclipse.jdt.ui.actions.CustomFiltersActionGroup.<init>(CustomFiltersActionGroup.java:275)
	at org.eclipse.jdt.ui.actions.CustomFiltersActionGroup.<init>(CustomFiltersActionGroup.java:241)
	at org.eclipse.jdt.internal.ui.packageview.PackageExplorerActionGroup.<init>(PackageExplorerActionGroup.java:149)
	at org.eclipse.jdt.internal.ui.packageview.PackageExplorerPart.makeActions(PackageExplorerPart.java:800)
	at org.eclipse.jdt.internal.ui.packageview.PackageExplorerPart.createPartControl(PackageExplorerPart.java:506)
	at org.eclipse.ui.internal.e4.compatibility.CompatibilityPart.createPartControl(CompatibilityPart.java:151)
	at org.eclipse.ui.internal.e4.compatibility.CompatibilityView.createPartControl(CompatibilityView.java:147)
	at org.eclipse.ui.internal.e4.compatibility.CompatibilityPart.create(CompatibilityPart.java:355)
	at sun.reflect.NativeMethodAccessorImpl.invoke0(Native Method)
	at sun.reflect.NativeMethodAccessorImpl.invoke(NativeMethodAccessorImpl.java:62)
	at sun.reflect.DelegatingMethodAccessorImpl.invoke(DelegatingMethodAccessorImpl.java:43)
	at java.lang.reflect.Method.invoke(Method.java:498)
	at org.eclipse.e4.core.internal.di.MethodRequestor.execute(MethodRequestor.java:55)
	at org.eclipse.e4.core.internal.di.InjectorImpl.processAnnotated(InjectorImpl.java:990)
	at org.eclipse.e4.core.internal.di.InjectorImpl.processAnnotated(InjectorImpl.java:955)
	at org.eclipse.e4.core.internal.di.InjectorImpl.inject(InjectorImpl.java:124)
	at org.eclipse.e4.core.internal.di.InjectorImpl.internalMake(InjectorImpl.java:399)
	at org.eclipse.e4.core.internal.di.InjectorImpl.make(InjectorImpl.java:318)
	at org.eclipse.e4.core.contexts.ContextInjectionFactory.make(ContextInjectionFactory.java:162)
	at org.eclipse.e4.ui.internal.workbench.ReflectionContributionFactory.createFromBundle(ReflectionContributionFactory.java:105)
	at org.eclipse.e4.ui.internal.workbench.ReflectionContributionFactory.doCreate(ReflectionContributionFactory.java:74)
	at org.eclipse.e4.ui.internal.workbench.ReflectionContributionFactory.create(ReflectionContributionFactory.java:56)
	at org.eclipse.e4.ui.workbench.renderers.swt.ContributedPartRenderer.createWidget(ContributedPartRenderer.java:129)
	at org.eclipse.e4.ui.internal.workbench.swt.PartRenderingEngine.createWidget(PartRenderingEngine.java:992)
	at org.eclipse.e4.ui.internal.workbench.swt.PartRenderingEngine.safeCreateGui(PartRenderingEngine.java:661)
	at org.eclipse.e4.ui.internal.workbench.swt.PartRenderingEngine$1.run(PartRenderingEngine.java:546)
	at org.eclipse.core.runtime.SafeRunner.run(SafeRunner.java:42)
	at org.eclipse.e4.ui.internal.workbench.swt.PartRenderingEngine.createGui(PartRenderingEngine.java:530)
	at org.eclipse.e4.ui.workbench.renderers.swt.ElementReferenceRenderer.createWidget(ElementReferenceRenderer.java:70)
	at org.eclipse.e4.ui.internal.workbench.swt.PartRenderingEngine.createWidget(PartRenderingEngine.java:992)
	at org.eclipse.e4.ui.internal.workbench.swt.PartRenderingEngine.safeCreateGui(PartRenderingEngine.java:661)
	at org.eclipse.e4.ui.internal.workbench.swt.PartRenderingEngine.safeCreateGui(PartRenderingEngine.java:767)
	at org.eclipse.e4.ui.internal.workbench.swt.PartRenderingEngine.access$0(PartRenderingEngine.java:738)
	at org.eclipse.e4.ui.internal.workbench.swt.PartRenderingEngine$2.run(PartRenderingEngine.java:732)
	at org.eclipse.core.runtime.SafeRunner.run(SafeRunner.java:42)
	at org.eclipse.e4.ui.internal.workbench.swt.PartRenderingEngine.createGui(PartRenderingEngine.java:716)
	at org.eclipse.e4.ui.workbench.renderers.swt.StackRenderer.showTab(StackRenderer.java:1293)
	at org.eclipse.e4.ui.workbench.renderers.swt.LazyStackRenderer.postProcess(LazyStackRenderer.java:97)
	at org.eclipse.e4.ui.internal.workbench.swt.PartRenderingEngine.safeCreateGui(PartRenderingEngine.java:679)
	at org.eclipse.e4.ui.internal.workbench.swt.PartRenderingEngine.safeCreateGui(PartRenderingEngine.java:767)
	at org.eclipse.e4.ui.internal.workbench.swt.PartRenderingEngine.access$0(PartRenderingEngine.java:738)
	at org.eclipse.e4.ui.internal.workbench.swt.PartRenderingEngine$2.run(PartRenderingEngine.java:732)
	at org.eclipse.core.runtime.SafeRunner.run(SafeRunner.java:42)
	at org.eclipse.e4.ui.internal.workbench.swt.PartRenderingEngine.createGui(PartRenderingEngine.java:716)
	at org.eclipse.e4.ui.workbench.renderers.swt.SWTPartRenderer.processContents(SWTPartRenderer.java:69)
	at org.eclipse.e4.ui.workbench.renderers.swt.SashRenderer.processContents(SashRenderer.java:137)
	at org.eclipse.e4.ui.internal.workbench.swt.PartRenderingEngine.safeCreateGui(PartRenderingEngine.java:675)
	at org.eclipse.e4.ui.internal.workbench.swt.PartRenderingEngine.safeCreateGui(PartRenderingEngine.java:767)
	at org.eclipse.e4.ui.internal.workbench.swt.PartRenderingEngine.access$0(PartRenderingEngine.java:738)
	at org.eclipse.e4.ui.internal.workbench.swt.PartRenderingEngine$2.run(PartRenderingEngine.java:732)
	at org.eclipse.core.runtime.SafeRunner.run(SafeRunner.java:42)
	at org.eclipse.e4.ui.internal.workbench.swt.PartRenderingEngine.createGui(PartRenderingEngine.java:716)
	at org.eclipse.e4.ui.workbench.renderers.swt.SWTPartRenderer.processContents(SWTPartRenderer.java:69)
	at org.eclipse.e4.ui.workbench.renderers.swt.PerspectiveRenderer.processContents(PerspectiveRenderer.java:49)
	at org.eclipse.e4.ui.internal.workbench.swt.PartRenderingEngine.safeCreateGui(PartRenderingEngine.java:675)
	at org.eclipse.e4.ui.internal.workbench.swt.PartRenderingEngine.safeCreateGui(PartRenderingEngine.java:767)
	at org.eclipse.e4.ui.internal.workbench.swt.PartRenderingEngine.access$0(PartRenderingEngine.java:738)
	at org.eclipse.e4.ui.internal.workbench.swt.PartRenderingEngine$2.run(PartRenderingEngine.java:732)
	at org.eclipse.core.runtime.SafeRunner.run(SafeRunner.java:42)
	at org.eclipse.e4.ui.internal.workbench.swt.PartRenderingEngine.createGui(PartRenderingEngine.java:716)
	at org.eclipse.e4.ui.workbench.renderers.swt.PerspectiveStackRenderer.showTab(PerspectiveStackRenderer.java:79)
	at org.eclipse.e4.ui.workbench.renderers.swt.LazyStackRenderer.postProcess(LazyStackRenderer.java:97)
	at org.eclipse.e4.ui.workbench.renderers.swt.PerspectiveStackRenderer.postProcess(PerspectiveStackRenderer.java:61)
	at org.eclipse.e4.ui.internal.workbench.swt.PartRenderingEngine.safeCreateGui(PartRenderingEngine.java:679)
	at org.eclipse.e4.ui.internal.workbench.swt.PartRenderingEngine.safeCreateGui(PartRenderingEngine.java:767)
	at org.eclipse.e4.ui.internal.workbench.swt.PartRenderingEngine.access$0(PartRenderingEngine.java:738)
	at org.eclipse.e4.ui.internal.workbench.swt.PartRenderingEngine$2.run(PartRenderingEngine.java:732)
	at org.eclipse.core.runtime.SafeRunner.run(SafeRunner.java:42)
	at org.eclipse.e4.ui.internal.workbench.swt.PartRenderingEngine.createGui(PartRenderingEngine.java:716)
	at org.eclipse.e4.ui.workbench.renderers.swt.SWTPartRenderer.processContents(SWTPartRenderer.java:69)
	at org.eclipse.e4.ui.workbench.renderers.swt.SashRenderer.processContents(SashRenderer.java:137)
	at org.eclipse.e4.ui.internal.workbench.swt.PartRenderingEngine.safeCreateGui(PartRenderingEngine.java:675)
	at org.eclipse.e4.ui.internal.workbench.swt.PartRenderingEngine.safeCreateGui(PartRenderingEngine.java:767)
	at org.eclipse.e4.ui.internal.workbench.swt.PartRenderingEngine.access$0(PartRenderingEngine.java:738)
	at org.eclipse.e4.ui.internal.workbench.swt.PartRenderingEngine$2.run(PartRenderingEngine.java:732)
	at org.eclipse.core.runtime.SafeRunner.run(SafeRunner.java:42)
	at org.eclipse.e4.ui.internal.workbench.swt.PartRenderingEngine.createGui(PartRenderingEngine.java:716)
	at org.eclipse.e4.ui.workbench.renderers.swt.SWTPartRenderer.processContents(SWTPartRenderer.java:69)
	at org.eclipse.e4.ui.workbench.renderers.swt.WBWRenderer.processContents(WBWRenderer.java:704)
	at org.eclipse.e4.ui.internal.workbench.swt.PartRenderingEngine.safeCreateGui(PartRenderingEngine.java:675)
	at org.eclipse.e4.ui.internal.workbench.swt.PartRenderingEngine.safeCreateGui(PartRenderingEngine.java:767)
	at org.eclipse.e4.ui.internal.workbench.swt.PartRenderingEngine.access$0(PartRenderingEngine.java:738)
	at org.eclipse.e4.ui.internal.workbench.swt.PartRenderingEngine$2.run(PartRenderingEngine.java:732)
	at org.eclipse.core.runtime.SafeRunner.run(SafeRunner.java:42)
	at org.eclipse.e4.ui.internal.workbench.swt.PartRenderingEngine.createGui(PartRenderingEngine.java:716)
	at org.eclipse.e4.ui.internal.workbench.swt.PartRenderingEngine$5.run(PartRenderingEngine.java:1076)
	at org.eclipse.core.databinding.observable.Realm.runWithDefault(Realm.java:336)
	at org.eclipse.e4.ui.internal.workbench.swt.PartRenderingEngine.run(PartRenderingEngine.java:1039)
	at org.eclipse.e4.ui.internal.workbench.E4Workbench.createAndRunUI(E4Workbench.java:153)
	at org.eclipse.ui.internal.Workbench.lambda$3(Workbench.java:680)
	at org.eclipse.core.databinding.observable.Realm.runWithDefault(Realm.java:336)
	at org.eclipse.ui.internal.Workbench.createAndRunWorkbench(Workbench.java:594)
	at org.eclipse.ui.PlatformUI.createAndRunWorkbench(PlatformUI.java:148)
	at org.eclipse.ui.internal.ide.application.IDEApplication.start(IDEApplication.java:151)
	at org.eclipse.equinox.internal.app.EclipseAppHandle.run(EclipseAppHandle.java:196)
	at org.eclipse.core.runtime.internal.adaptor.EclipseAppLauncher.runApplication(EclipseAppLauncher.java:134)
	at org.eclipse.core.runtime.internal.adaptor.EclipseAppLauncher.start(EclipseAppLauncher.java:104)
	at org.eclipse.core.runtime.adaptor.EclipseStarter.run(EclipseStarter.java:388)
	at org.eclipse.core.runtime.adaptor.EclipseStarter.run(EclipseStarter.java:243)
	at sun.reflect.NativeMethodAccessorImpl.invoke0(Native Method)
	at sun.reflect.NativeMethodAccessorImpl.invoke(NativeMethodAccessorImpl.java:62)
	at sun.reflect.DelegatingMethodAccessorImpl.invoke(DelegatingMethodAccessorImpl.java:43)
	at java.lang.reflect.Method.invoke(Method.java:498)
	at org.eclipse.equinox.launcher.Main.invokeFramework(Main.java:653)
	at org.eclipse.equinox.launcher.Main.basicRun(Main.java:590)
	at org.eclipse.equinox.launcher.Main.run(Main.java:1499)
Caused by: com.cedarsoftware.util.io.JsonIoException: EOF reached prematurely
	at com.cedarsoftware.util.io.JsonParser.error(JsonParser.java:584)
	at com.cedarsoftware.util.io.JsonParser.readValue(JsonParser.java:278)
	at com.cedarsoftware.util.io.JsonReader.readObject(JsonReader.java:521)
	... 151 more
2018-01-23 00:55:08,662  WARN [main] - ScalaProject - Project Scala_test has platform default sourceLevel.
2018-01-23 00:55:08,663  WARN [main] - ScalaProject - Project Scala_test runs on platform default installation.
2018-01-23 00:55:08,668  WARN [main] - ScalaProject - Project Scala_test has platform default sourceLevel.
2018-01-23 00:55:08,668  WARN [main] - ScalaProject - Project Scala_test runs on platform default installation.
2018-01-23 00:55:09,056  WARN [main] - ScalaProject - Project Scala_test has platform default sourceLevel.
2018-01-23 00:55:09,056  WARN [main] - ScalaProject - Project Scala_test runs on platform default installation.
2018-01-23 00:55:10,550  WARN [main] - ScalaProject - Project Scala_test has platform default sourceLevel.
2018-01-23 00:55:10,550  WARN [main] - ScalaProject - Project Scala_test runs on platform default installation.
2018-01-23 00:55:13,308  WARN [Worker-17] - ScalaProject - Project Scala_test has platform default sourceLevel.
2018-01-23 00:55:13,309  WARN [Worker-17] - ScalaProject - Project Scala_test runs on platform default installation.
2018-01-23 00:56:56,864  WARN [Worker-8] - ScalaProject - Project Scala_test has platform default sourceLevel.
2018-01-23 00:56:56,864  WARN [Worker-8] - ScalaProject - Project Scala_test runs on platform default installation.
2018-01-23 00:57:05,204  WARN [Worker-3] - ScalaProject - Project Scala_test has platform default sourceLevel.
2018-01-23 00:57:05,205  WARN [Worker-3] - ScalaProject - Project Scala_test runs on platform default installation.
2018-01-23 00:58:21,382  WARN [Worker-20] - ScalaProject - Project Scala_test has platform default sourceLevel.
2018-01-23 00:58:21,382  WARN [Worker-20] - ScalaProject - Project Scala_test runs on platform default installation.
2018-01-23 01:01:11,408  WARN [Worker-20] - ScalaProject - Project Scala_test has platform default sourceLevel.
2018-01-23 01:01:11,409  WARN [Worker-20] - ScalaProject - Project Scala_test runs on platform default installation.
2018-01-23 01:01:38,056  WARN [Worker-15] - ScalaProject - Project Scala_test has platform default sourceLevel.
2018-01-23 01:01:38,056  WARN [Worker-15] - ScalaProject - Project Scala_test runs on platform default installation.
2018-01-23 01:08:28,492  WARN [Worker-28] - ScalaProject - Project Scala_test has platform default sourceLevel.
2018-01-23 01:08:28,492  WARN [Worker-28] - ScalaProject - Project Scala_test runs on platform default installation.
2018-02-03 23:23:56,212  WARN [Worker-1591] - ScalaProject - Project Scala_test has platform default sourceLevel.
2018-02-03 23:23:56,214  WARN [Worker-1591] - ScalaProject - Project Scala_test runs on platform default installation.
2018-02-09 00:06:23,485  WARN [main] - ScalaProject - Project Scala_test has platform default sourceLevel.
2018-02-09 00:06:23,486  WARN [main] - ScalaProject - Project Scala_test runs on platform default installation.
2018-02-09 00:06:23,492  WARN [main] - ScalaProject - Project Scala_test has platform default sourceLevel.
2018-02-09 00:06:23,493  WARN [main] - ScalaProject - Project Scala_test runs on platform default installation.
2018-02-09 00:06:23,854  WARN [main] - ScalaProject - Project Scala_test has platform default sourceLevel.
2018-02-09 00:06:23,854  WARN [main] - ScalaProject - Project Scala_test runs on platform default installation.
2018-02-09 00:06:26,474  WARN [main] - ScalaProject - Project Scala_test has platform default sourceLevel.
2018-02-09 00:06:26,475  WARN [main] - ScalaProject - Project Scala_test runs on platform default installation.
2018-02-09 00:06:28,761  WARN [Worker-10] - ScalaProject - Project Scala_test has platform default sourceLevel.
2018-02-09 00:06:28,762  WARN [Worker-10] - ScalaProject - Project Scala_test runs on platform default installation.
2018-02-09 00:53:33,738  WARN [Worker-20] - ScalaProject - Project Scala_test has platform default sourceLevel.
2018-02-09 00:53:33,741  WARN [Worker-20] - ScalaProject - Project Scala_test runs on platform default installation.
2018-03-03 23:25:00,185  WARN [main] - ScalaProject - Project Scala_test has platform default sourceLevel.
2018-03-03 23:25:00,186  WARN [main] - ScalaProject - Project Scala_test runs on platform default installation.
2018-03-03 23:25:00,193  WARN [main] - ScalaProject - Project Scala_test has platform default sourceLevel.
2018-03-03 23:25:00,193  WARN [main] - ScalaProject - Project Scala_test runs on platform default installation.
2018-03-03 23:25:00,634  WARN [main] - ScalaProject - Project Scala_test has platform default sourceLevel.
2018-03-03 23:25:00,635  WARN [main] - ScalaProject - Project Scala_test runs on platform default installation.
2018-03-03 23:25:03,058  WARN [main] - ScalaProject - Project Scala_test has platform default sourceLevel.
2018-03-03 23:25:03,058  WARN [main] - ScalaProject - Project Scala_test runs on platform default installation.
2018-03-03 23:25:05,352  WARN [Worker-6] - ScalaProject - Project Scala_test has platform default sourceLevel.
2018-03-03 23:25:05,353  WARN [Worker-6] - ScalaProject - Project Scala_test runs on platform default installation.
2018-03-04 19:41:28,635  WARN [main] - ScalaProject - Project Scala_test has platform default sourceLevel.
2018-03-04 19:41:28,636  WARN [main] - ScalaProject - Project Scala_test runs on platform default installation.
2018-03-04 19:41:28,643  WARN [main] - ScalaProject - Project Scala_test has platform default sourceLevel.
2018-03-04 19:41:28,643  WARN [main] - ScalaProject - Project Scala_test runs on platform default installation.
2018-03-04 19:41:29,063  WARN [main] - ScalaProject - Project Scala_test has platform default sourceLevel.
2018-03-04 19:41:29,063  WARN [main] - ScalaProject - Project Scala_test runs on platform default installation.
2018-03-04 19:41:30,639  WARN [main] - ScalaProject - Project Scala_test has platform default sourceLevel.
2018-03-04 19:41:30,639  WARN [main] - ScalaProject - Project Scala_test runs on platform default installation.
2018-03-04 19:41:33,633  WARN [Worker-7] - ScalaProject - Project Scala_test has platform default sourceLevel.
2018-03-04 19:41:33,636  WARN [Worker-7] - ScalaProject - Project Scala_test runs on platform default installation.
2018-11-29 21:04:31,271  WARN [main] - ScalaProject - Project Scala_test has platform default sourceLevel.
2018-11-29 21:04:31,272  WARN [main] - ScalaProject - Project Scala_test runs on platform default installation.
2018-11-29 21:04:31,279  WARN [main] - ScalaProject - Project Scala_test has platform default sourceLevel.
2018-11-29 21:04:31,279  WARN [main] - ScalaProject - Project Scala_test runs on platform default installation.
2018-11-29 21:04:31,617  WARN [main] - ScalaProject - Project Scala_test has platform default sourceLevel.
2018-11-29 21:04:31,617  WARN [main] - ScalaProject - Project Scala_test runs on platform default installation.
2018-11-29 21:04:34,474  WARN [main] - ScalaProject - Project Scala_test has platform default sourceLevel.
2018-11-29 21:04:34,475  WARN [main] - ScalaProject - Project Scala_test runs on platform default installation.
2018-11-29 21:04:37,149  WARN [Worker-17] - ScalaProject - Project Scala_test has platform default sourceLevel.
2018-11-29 21:04:37,152  WARN [Worker-17] - ScalaProject - Project Scala_test runs on platform default installation.
